<?xml version="1.0" encoding="UTF-8"?>
<testng-results ignored="0" total="2" passed="1" failed="1" skipped="0">
  <reporter-output>
  </reporter-output>
  <suite started-at="2024-10-06T19:16:03 IST" name="Default suite" finished-at="2024-10-06T19:17:58 IST" duration-ms="115068">
    <groups>
      <group name="cucumber">
        <method signature="AbstractTestNGCucumberTests.runScenario(io.cucumber.testng.PickleWrapper,io.cucumber.testng.FeatureWrapper)[pri:0, instance:testrunner.RunnerClass@2002fc1d]" name="runScenario" class="io.cucumber.testng.AbstractTestNGCucumberTests"/>
      </group> <!-- cucumber -->
    </groups>
    <test started-at="2024-10-06T19:16:03 IST" name="Default test" finished-at="2024-10-06T19:17:58 IST" duration-ms="115068">
      <class name="testrunner.RunnerClass">
        <test-method is-config="true" signature="setUpClass(org.testng.ITestContext)[pri:0, instance:testrunner.RunnerClass@2002fc1d]" started-at="2024-10-06T19:16:03 IST" name="setUpClass" finished-at="2024-10-06T19:16:04 IST" duration-ms="1055" status="PASS">
          <params>
            <param index="0">
              <value>
                <![CDATA[org.testng.TestRunner@b55f5b7]]>
              </value>
            </param>
          </params>
          <reporter-output>
          </reporter-output>
        </test-method> <!-- setUpClass -->
        <test-method signature="runScenario(io.cucumber.testng.PickleWrapper,io.cucumber.testng.FeatureWrapper)[pri:0, instance:testrunner.RunnerClass@2002fc1d]" started-at="2024-10-06T19:16:04 IST" name="runScenario" description="Runs Cucumber Scenarios" data-provider="scenarios" finished-at="2024-10-06T19:17:02 IST" duration-ms="58077" status="PASS">
          <params>
            <param index="0">
              <value>
                <![CDATA["To test login with valid set of credentials"]]>
              </value>
            </param>
            <param index="1">
              <value>
                <![CDATA["User login 2"]]>
              </value>
            </param>
          </params>
          <reporter-output>
          </reporter-output>
        </test-method> <!-- runScenario -->
        <test-method signature="runScenario(io.cucumber.testng.PickleWrapper,io.cucumber.testng.FeatureWrapper)[pri:0, instance:testrunner.RunnerClass@2002fc1d]" started-at="2024-10-06T19:17:02 IST" name="runScenario" description="Runs Cucumber Scenarios" data-provider="scenarios" finished-at="2024-10-06T19:17:53 IST" duration-ms="51460" status="FAIL">
          <params>
            <param index="0">
              <value>
                <![CDATA["To test login with valid set of credentials"]]>
              </value>
            </param>
            <param index="1">
              <value>
                <![CDATA["User login 2"]]>
              </value>
            </param>
          </params>
          <exception class="java.lang.AssertionError">
            <message>
              <![CDATA[expected:<true> but was:<false>]]>
            </message>
            <full-stacktrace>
              <![CDATA[java.lang.AssertionError: expected:<true> but was:<false>
at org.junit.Assert.fail(Assert.java:89)
at org.junit.Assert.failNotEquals(Assert.java:835)
at org.junit.Assert.assertEquals(Assert.java:120)
at org.junit.Assert.assertEquals(Assert.java:146)
at stepsdefinitions.LoginSteps.user_should_be_redirected_to_myaccount_page(LoginSteps.java:56)
at âœ½.User should be redirected to myaccount page(file:///C:/Users/Mahesh/eclipse-workspace/Opencart-CucumberFramework/src/test/java/features/login_2.feature:8)
]]>
            </full-stacktrace>
          </exception> <!-- java.lang.AssertionError -->
          <reporter-output>
          </reporter-output>
        </test-method> <!-- runScenario -->
        <test-method is-config="true" signature="tearDownClass()[pri:0, instance:testrunner.RunnerClass@2002fc1d]" started-at="2024-10-06T19:17:53 IST" name="tearDownClass" finished-at="2024-10-06T19:17:58 IST" duration-ms="4362" status="PASS">
          <reporter-output>
          </reporter-output>
        </test-method> <!-- tearDownClass -->
      </class> <!-- testrunner.RunnerClass -->
    </test> <!-- Default test -->
  </suite> <!-- Default suite -->
</testng-results>
